<?xml version="1.0" encoding="UTF-8"?>
<testsuite xmlns:xsi="http://www.w3.org/2001/XMLSchema-instance" xsi:noNamespaceSchemaLocation="https://maven.apache.org/surefire/maven-surefire-plugin/xsd/surefire-test-report-3.0.xsd" version="3.0" name="sharpBubbles.taskTracker.TaskTrackerApplicationTests" time="5.373" tests="1" errors="0" skipped="0" failures="0">
  <properties>
[...]
</properties>
  <testcase name="contextLoads" classname="sharpBubbles.taskTracker.TaskTrackerApplicationTests" time="0.441">
    <system-out><![CDATA[22:43:10.456 [main] INFO org.springframework.test.context.support.AnnotationConfigContextLoaderUtils -- Could not detect default configuration classes for test class [sharpBubbles.taskTracker.TaskTrackerApplicationTests]: TaskTrackerApplicationTests does not declare any static, non-private, non-final, nested classes annotated with @Configuration.
22:43:10.545 [main] INFO org.springframework.boot.test.context.SpringBootTestContextBootstrapper -- Found @SpringBootConfiguration sharpBubbles.taskTracker.TaskTrackerApplication for test class sharpBubbles.taskTracker.TaskTrackerApplicationTests
  .   ____          _            __ _ _
 /\\ / ___'_ __ _ _(_)_ __  __ _ \ \ \ \
( ( )\___ | '_ | '_| | '_ \/ _` | \ \ \ \
 \\/  ___)| |_)| | | | | || (_| |  ) ) ) )
  '  |____| .__|_| |_|_| |_\__, | / / / /
 =========|_|==============|___/=/_/_/_/

 :: Spring Boot ::                (v3.3.0)

2024-09-10T22:43:10.918+03:00  INFO 34945 --- [taskTracker] [           main] s.t.TaskTrackerApplicationTests          : Starting TaskTrackerApplicationTests using Java 21.0.2 with PID 34945 (started by kolya_kha in /home/kolya_kha/Projects/Task-tracker-TaskService)
2024-09-10T22:43:10.919+03:00  INFO 34945 --- [taskTracker] [           main] s.t.TaskTrackerApplicationTests          : No active profile set, falling back to 1 default profile: "default"
2024-09-10T22:43:11.600+03:00  INFO 34945 --- [taskTracker] [           main] .s.d.r.c.RepositoryConfigurationDelegate : Bootstrapping Spring Data JPA repositories in DEFAULT mode.
2024-09-10T22:43:11.654+03:00  INFO 34945 --- [taskTracker] [           main] .s.d.r.c.RepositoryConfigurationDelegate : Finished Spring Data repository scanning in 47 ms. Found 1 JPA repository interface.
2024-09-10T22:43:12.249+03:00  INFO 34945 --- [taskTracker] [           main] o.hibernate.jpa.internal.util.LogHelper  : HHH000204: Processing PersistenceUnitInfo [name: default]
2024-09-10T22:43:12.301+03:00  INFO 34945 --- [taskTracker] [           main] org.hibernate.Version                    : HHH000412: Hibernate ORM core version 6.5.0.CR1
2024-09-10T22:43:12.333+03:00  INFO 34945 --- [taskTracker] [           main] o.h.c.internal.RegionFactoryInitiator    : HHH000026: Second-level cache disabled
2024-09-10T22:43:12.550+03:00  INFO 34945 --- [taskTracker] [           main] o.s.o.j.p.SpringPersistenceUnitInfo      : No LoadTimeWeaver setup: ignoring JPA class transformer
2024-09-10T22:43:12.574+03:00  INFO 34945 --- [taskTracker] [           main] com.zaxxer.hikari.HikariDataSource       : HikariPool-1 - Starting...
2024-09-10T22:43:13.197+03:00  INFO 34945 --- [taskTracker] [           main] com.zaxxer.hikari.pool.HikariPool        : HikariPool-1 - Added connection org.postgresql.jdbc.PgConnection@45d7495e
2024-09-10T22:43:13.199+03:00  INFO 34945 --- [taskTracker] [           main] com.zaxxer.hikari.HikariDataSource       : HikariPool-1 - Start completed.
2024-09-10T22:43:13.282+03:00  WARN 34945 --- [taskTracker] [           main] org.hibernate.orm.deprecation            : HHH90000025: PostgreSQLDialect does not need to be specified explicitly using 'hibernate.dialect' (remove the property setting and it will be selected by default)
2024-09-10T22:43:14.065+03:00  INFO 34945 --- [taskTracker] [           main] o.h.e.t.j.p.i.JtaPlatformInitiator       : HHH000489: No JTA platform available (set 'hibernate.transaction.jta.platform' to enable JTA platform integration)
2024-09-10T22:43:14.267+03:00  INFO 34945 --- [taskTracker] [           main] j.LocalContainerEntityManagerFactoryBean : Initialized JPA EntityManagerFactory for persistence unit 'default'
2024-09-10T22:43:14.581+03:00  WARN 34945 --- [taskTracker] [           main] JpaBaseConfiguration$JpaWebConfiguration : spring.jpa.open-in-view is enabled by default. Therefore, database queries may be performed during view rendering. Explicitly configure spring.jpa.open-in-view to disable this warning
2024-09-10T22:43:14.607+03:00  WARN 34945 --- [taskTracker] [           main] .s.s.UserDetailsServiceAutoConfiguration : 

Using generated security password: 58e9df88-4079-4ef6-a040-29c935388460

This generated password is for development use only. Your security configuration must be updated before running your application in production.

2024-09-10T22:43:14.619+03:00  INFO 34945 --- [taskTracker] [           main] r$InitializeUserDetailsManagerConfigurer : Global AuthenticationManager configured with UserDetailsService bean with name inMemoryUserDetailsManager
2024-09-10T22:43:14.949+03:00  INFO 34945 --- [taskTracker] [           main] o.s.s.web.DefaultSecurityFilterChain     : Will secure any request with [org.springframework.security.web.session.DisableEncodeUrlFilter@6bc08a77, org.springframework.security.web.session.ForceEagerSessionCreationFilter@37922937, org.springframework.security.web.context.request.async.WebAsyncManagerIntegrationFilter@73483d4b, org.springframework.security.web.context.SecurityContextHolderFilter@159a0f0e, org.springframework.security.web.header.HeaderWriterFilter@5776a9f8, org.springframework.web.filter.CorsFilter@8961e55, org.springframework.security.web.authentication.logout.LogoutFilter@202fd4c4, org.springframework.security.web.authentication.UsernamePasswordAuthenticationFilter@58701e8c, org.springframework.security.web.savedrequest.RequestCacheAwareFilter@2ddb6c71, org.springframework.security.web.servletapi.SecurityContextHolderAwareRequestFilter@6c569caf, org.springframework.security.web.authentication.AnonymousAuthenticationFilter@67eabe02, org.springframework.security.web.session.SessionManagementFilter@446fb72e, org.springframework.security.web.access.ExceptionTranslationFilter@53dd29e0, org.springframework.security.web.access.intercept.AuthorizationFilter@7c9c7e7d]
2024-09-10T22:43:15.232+03:00  INFO 34945 --- [taskTracker] [           main] s.t.TaskTrackerApplicationTests          : Started TaskTrackerApplicationTests in 4.57 seconds (process running for 5.337)
]]></system-out>
    <system-err><![CDATA[WARNING: A Java agent has been loaded dynamically (/home/kolya_kha/.m2/repository/net/bytebuddy/byte-buddy-agent/1.14.16/byte-buddy-agent-1.14.16.jar)
WARNING: If a serviceability tool is in use, please run with -XX:+EnableDynamicAgentLoading to hide this warning
WARNING: If a serviceability tool is not in use, please run with -Djdk.instrument.traceUsage for more information
WARNING: Dynamic loading of agents will be disallowed by default in a future release
]]></system-err>
  </testcase>
</testsuite>